2023.06.03 14:21:33 INFO  Started: Metals version 0.11.12 in workspace 'D:\Projects\tanyahukum\tanyahukum' for client Visual Studio Code 1.77.3.
Jun 03, 2023 2:21:34 PM org.flywaydb.core.internal.license.VersionPrinter printVersionOnly
INFO: Flyway Community Edition 9.16.3 by Redgate
Jun 03, 2023 2:21:34 PM org.flywaydb.core.internal.license.VersionPrinter printVersion
INFO: See release notes here: https://rd.gt/416ObMi
Jun 03, 2023 2:21:34 PM org.flywaydb.core.internal.license.VersionPrinter printVersion
INFO: 
Jun 03, 2023 2:21:34 PM org.flywaydb.core.internal.database.base.BaseDatabaseType createDatabase
INFO: Database: jdbc:h2:file:D:\Projects\tanyahukum\tanyahukum\.metals\metals (H2 2.1)
Jun 03, 2023 2:21:34 PM org.flywaydb.core.internal.schemahistory.JdbcTableSchemaHistory allAppliedMigrations
INFO: Schema history table "PUBLIC"."flyway_schema_history" does not exist yet
Jun 03, 2023 2:21:34 PM org.flywaydb.core.internal.command.DbValidate validate
INFO: Successfully validated 4 migrations (execution time 00:00.026s)
Jun 03, 2023 2:21:34 PM org.flywaydb.core.internal.schemahistory.JdbcTableSchemaHistory create
INFO: Creating Schema History table "PUBLIC"."flyway_schema_history" ...
Jun 03, 2023 2:21:34 PM org.flywaydb.core.internal.command.DbMigrate migrateGroup
INFO: Current version of schema "PUBLIC": << Empty Schema >>
Jun 03, 2023 2:21:34 PM org.flywaydb.core.internal.command.DbMigrate doMigrateGroup
INFO: Migrating schema "PUBLIC" to version "1 - Create tables"
Jun 03, 2023 2:21:34 PM org.flywaydb.core.internal.command.DbMigrate doMigrateGroup
INFO: Migrating schema "PUBLIC" to version "2 - Server discovery"
Jun 03, 2023 2:21:34 PM org.flywaydb.core.internal.command.DbMigrate doMigrateGroup
INFO: Migrating schema "PUBLIC" to version "3 - Jar symbols"
Jun 03, 2023 2:21:34 PM org.flywaydb.core.internal.command.DbMigrate doMigrateGroup
INFO: Migrating schema "PUBLIC" to version "4 - Fingerprints"
Jun 03, 2023 2:21:34 PM org.flywaydb.core.internal.command.DbMigrate logSummary
INFO: Successfully applied 4 migrations to schema "PUBLIC", now at version v4 (execution time 00:00.078s)
2023.06.03 14:21:35 INFO  time: initialize in 1.05s
2023.06.03 14:21:37 WARN  Build server is not auto-connectable.
2023.06.03 14:21:37 WARN  no build tool detected in workspace 'D:\Projects\tanyahukum\tanyahukum'. The most common cause for this problem is that the editor was opened in the wrong working directory, for example if you use sbt then the workspace directory should contain build.sbt. 
